ERROR - 2018-05-08 03:37:04 --> Severity: Warning --> mysqli::real_connect(): (HY000/2002): A connection attempt failed because the connected party did not properly respond after a period of time, or established connection failed because connected host has failed to respond.
 C:\xampp\htdocs\test\system\database\drivers\mysqli\mysqli_driver.php 201
ERROR - 2018-05-08 03:37:04 --> Unable to connect to the database
ERROR - 2018-05-08 03:37:30 --> 404 Page Not Found: Faviconico/index
ERROR - 2018-05-08 03:57:42 --> Severity: error --> Exception: Unable to locate the model you have specified: Redirect_url_model C:\xampp\htdocs\test\system\core\Loader.php 344
ERROR - 2018-05-08 05:15:44 --> Query error: Table 'test1.user' doesn't exist - Invalid query: SELECT *
FROM `user`
WHERE `email` = 'admin@gmail.com'
 LIMIT 1
ERROR - 2018-05-08 05:16:00 --> Query error: Table 'test1.user' doesn't exist - Invalid query: SELECT *
FROM `user`
WHERE `email` = 'admin@gmail.com'
 LIMIT 1
ERROR - 2018-05-08 05:16:31 --> Query error: Table 'test1.user' doesn't exist - Invalid query: SELECT *
FROM `user`
WHERE `email` = 'admin@gmail.com'
 LIMIT 1
ERROR - 2018-05-08 05:17:10 --> Query error: Table 'test1.user' doesn't exist - Invalid query: SELECT *
FROM `user`
WHERE `email` = 'admin@gmail.com'
 LIMIT 1
ERROR - 2018-05-08 05:17:46 --> Query error: Table 'test1.user' doesn't exist - Invalid query: SELECT *
FROM `user`
WHERE `email` = 'admin@gmail.com'
 LIMIT 1
ERROR - 2018-05-08 05:18:00 --> Query error: Table 'test1.user' doesn't exist - Invalid query: SELECT *
FROM `user`
WHERE `email` = 'admin@gmail.com'
 LIMIT 1
ERROR - 2018-05-08 05:18:32 --> Query error: Table 'test1.user' doesn't exist - Invalid query: SELECT *
FROM `user`
WHERE `email` = 'admin@gmail.com'
 LIMIT 1
ERROR - 2018-05-08 05:19:22 --> Query error: Table 'test1.user' doesn't exist - Invalid query: SELECT *
FROM `user`
WHERE `email` = 'admin@gmail.com'
 LIMIT 1
ERROR - 2018-05-08 05:19:40 --> Query error: Table 'test1.user' doesn't exist - Invalid query: SELECT *
FROM `user`
WHERE `email` = 'admin@gmail.com'
 LIMIT 1
ERROR - 2018-05-08 05:22:04 --> Severity: Notice --> Undefined variable: birthday C:\xampp\htdocs\test\application\controllers\User.php 304
ERROR - 2018-05-08 05:23:58 --> Query error: Unknown column 'fullname' in 'field list' - Invalid query: INSERT INTO `user` (`fullname`, `username`, `email`, `phone`, `password`, `birthday`, `status`, `created_at`, `updated_at`) VALUES ('Pham dinh tuan Anh', 'anhpdt', 'admin@gmail.com', '1234567890', '$2y$12$Qa.Loo1SCmeQqDxQncSGgevj8wqqTnG17./YL1bA3k7X02FPLyQbS', '1993-08-23', 0, '2018-05-08 05:05:58', '2018-05-08 05:05:58')
ERROR - 2018-05-08 05:29:47 --> Query error: Unknown column 'fullname' in 'field list' - Invalid query: INSERT INTO `user` (`fullname`, `username`, `email`, `phone`, `password`, `birthday`, `status`, `created_at`, `updated_at`) VALUES ('Pham dinh tuan Anh', 'anhpdt', 'admin@gmail.com', '1234567890', '$2y$12$zsQhh2ZfuWOyEeGUe6aSl.jR7jcrBCdg9LNYH7wGB6wCufA1oJU6e', '1993-08-23', 0, '2018-05-08 05:05:47', '2018-05-08 05:05:47')
ERROR - 2018-05-08 05:30:16 --> Query error: Unknown column 'phone' in 'field list' - Invalid query: INSERT INTO `user` (`username`, `email`, `phone`, `password`, `birthday`, `status`, `created_at`, `updated_at`) VALUES ('anhpdt', 'admin@gmail.com', '1234567890', '$2y$12$P43EwwCFzo4zyalfFhHDau2oJRbZ.gUZ0l/yubWyswbNFM92TELpi', '1993-08-23', 0, '2018-05-08 05:05:16', '2018-05-08 05:05:16')
ERROR - 2018-05-08 05:30:55 --> Query error: Unknown column 'password' in 'field list' - Invalid query: INSERT INTO `user` (`username`, `email`, `phone`, `password`, `birthday`, `status`, `created_at`, `updated_at`) VALUES ('anhpdt', 'admin@gmail.com', '1234567890', '$2y$12$PZzi7RlnnMOp3Lao91XzBukGdqY0giF.MwzjkOI7lp3yMmpKqn0fO', '1993-08-23', 0, '2018-05-08 05:05:55', '2018-05-08 05:05:55')
ERROR - 2018-05-08 05:35:07 --> Severity: Notice --> Undefined property: stdClass::$gender C:\xampp\htdocs\test\application\views\layout\app.php 31
ERROR - 2018-05-08 05:35:08 --> Severity: Notice --> Undefined property: stdClass::$fullname C:\xampp\htdocs\test\application\views\layout\app.php 39
ERROR - 2018-05-08 05:35:08 --> Severity: Notice --> Undefined property: stdClass::$gender C:\xampp\htdocs\test\application\views\info.php 16
ERROR - 2018-05-08 05:35:08 --> Severity: Notice --> Undefined property: stdClass::$fullname C:\xampp\htdocs\test\application\views\info.php 30
ERROR - 2018-05-08 05:35:08 --> Severity: Notice --> Undefined property: stdClass::$gender C:\xampp\htdocs\test\application\views\info.php 56
ERROR - 2018-05-08 05:35:08 --> Severity: Notice --> Undefined property: stdClass::$gender C:\xampp\htdocs\test\application\views\info.php 57
ERROR - 2018-05-08 05:35:08 --> Severity: Notice --> Undefined property: stdClass::$address C:\xampp\htdocs\test\application\views\info.php 96
ERROR - 2018-05-08 05:35:08 --> Severity: Notice --> Undefined variable: cities C:\xampp\htdocs\test\application\views\info.php 104
ERROR - 2018-05-08 05:35:08 --> Severity: Warning --> Invalid argument supplied for foreach() C:\xampp\htdocs\test\application\views\info.php 104
ERROR - 2018-05-08 05:35:08 --> Severity: Notice --> Undefined property: stdClass::$parent_name C:\xampp\htdocs\test\application\views\info.php 159
ERROR - 2018-05-08 05:35:08 --> Severity: Notice --> Undefined property: stdClass::$parent_mobile C:\xampp\htdocs\test\application\views\info.php 165
ERROR - 2018-05-08 05:35:08 --> Severity: Notice --> Undefined property: stdClass::$school C:\xampp\htdocs\test\application\views\info.php 171
ERROR - 2018-05-08 05:35:08 --> Severity: Notice --> Undefined property: stdClass::$university C:\xampp\htdocs\test\application\views\info.php 177
ERROR - 2018-05-08 05:35:08 --> Severity: Notice --> Undefined property: stdClass::$is_admin C:\xampp\htdocs\test\application\views\info.php 206
ERROR - 2018-05-08 05:36:10 --> Severity: Notice --> Undefined property: stdClass::$gender C:\xampp\htdocs\test\application\views\info.php 16
ERROR - 2018-05-08 05:36:10 --> Severity: Notice --> Undefined property: stdClass::$fullname C:\xampp\htdocs\test\application\views\info.php 30
ERROR - 2018-05-08 05:36:10 --> Severity: Notice --> Undefined property: stdClass::$gender C:\xampp\htdocs\test\application\views\info.php 56
ERROR - 2018-05-08 05:36:10 --> Severity: Notice --> Undefined property: stdClass::$gender C:\xampp\htdocs\test\application\views\info.php 57
ERROR - 2018-05-08 05:36:10 --> Severity: Notice --> Undefined property: stdClass::$address C:\xampp\htdocs\test\application\views\info.php 96
ERROR - 2018-05-08 05:36:10 --> Severity: Notice --> Undefined variable: cities C:\xampp\htdocs\test\application\views\info.php 104
ERROR - 2018-05-08 05:36:10 --> Severity: Warning --> Invalid argument supplied for foreach() C:\xampp\htdocs\test\application\views\info.php 104
ERROR - 2018-05-08 05:36:10 --> Severity: Notice --> Undefined property: stdClass::$parent_name C:\xampp\htdocs\test\application\views\info.php 159
ERROR - 2018-05-08 05:36:10 --> Severity: Notice --> Undefined property: stdClass::$parent_mobile C:\xampp\htdocs\test\application\views\info.php 165
ERROR - 2018-05-08 05:36:10 --> Severity: Notice --> Undefined property: stdClass::$school C:\xampp\htdocs\test\application\views\info.php 171
ERROR - 2018-05-08 05:36:10 --> Severity: Notice --> Undefined property: stdClass::$university C:\xampp\htdocs\test\application\views\info.php 177
ERROR - 2018-05-08 05:36:10 --> Severity: Notice --> Undefined property: stdClass::$is_admin C:\xampp\htdocs\test\application\views\info.php 206
ERROR - 2018-05-08 05:39:30 --> Severity: Notice --> Undefined property: stdClass::$address C:\xampp\htdocs\test\application\views\info.php 66
ERROR - 2018-05-08 05:39:30 --> Severity: Notice --> Undefined variable: cities C:\xampp\htdocs\test\application\views\info.php 74
ERROR - 2018-05-08 05:39:30 --> Severity: Warning --> Invalid argument supplied for foreach() C:\xampp\htdocs\test\application\views\info.php 74
ERROR - 2018-05-08 05:39:30 --> Severity: Notice --> Undefined property: stdClass::$parent_name C:\xampp\htdocs\test\application\views\info.php 129
ERROR - 2018-05-08 05:39:30 --> Severity: Notice --> Undefined property: stdClass::$parent_mobile C:\xampp\htdocs\test\application\views\info.php 135
ERROR - 2018-05-08 05:39:30 --> Severity: Notice --> Undefined property: stdClass::$school C:\xampp\htdocs\test\application\views\info.php 141
ERROR - 2018-05-08 05:39:30 --> Severity: Notice --> Undefined property: stdClass::$university C:\xampp\htdocs\test\application\views\info.php 147
ERROR - 2018-05-08 05:39:30 --> Severity: Notice --> Undefined property: stdClass::$is_admin C:\xampp\htdocs\test\application\views\info.php 176
ERROR - 2018-05-08 05:46:37 --> Query error: Unknown column 'SID' in 'where clause' - Invalid query: SELECT *
FROM `user`
WHERE `id` = '4'
AND `SID` IS NULL
ERROR - 2018-05-08 05:48:56 --> Severity: Notice --> Undefined index: day C:\xampp\htdocs\test\application\controllers\User.php 421
ERROR - 2018-05-08 05:48:56 --> Severity: Notice --> Undefined index: month C:\xampp\htdocs\test\application\controllers\User.php 421
ERROR - 2018-05-08 05:48:56 --> Severity: Notice --> Undefined index: year C:\xampp\htdocs\test\application\controllers\User.php 421
ERROR - 2018-05-08 05:48:56 --> Severity: Notice --> Undefined index: email C:\xampp\htdocs\test\application\controllers\User.php 425
ERROR - 2018-05-08 05:48:56 --> Severity: Notice --> Undefined index: email C:\xampp\htdocs\test\application\controllers\User.php 426
ERROR - 2018-05-08 05:48:56 --> Severity: Notice --> Undefined property: stdClass::$fullname C:\xampp\htdocs\test\application\controllers\User.php 434
ERROR - 2018-05-08 05:48:57 --> Severity: Notice --> Undefined index: email C:\xampp\htdocs\test\application\controllers\User.php 435
ERROR - 2018-05-08 05:49:37 --> Severity: Notice --> Undefined variable: 08-05-2018 C:\xampp\htdocs\test\application\controllers\User.php 421
ERROR - 2018-05-08 05:49:53 --> Severity: Notice --> Undefined variable: 01-04-1980 C:\xampp\htdocs\test\application\controllers\User.php 421
ERROR - 2018-05-08 05:50:04 --> Severity: Notice --> Undefined variable: 01-01-1970 C:\xampp\htdocs\test\application\controllers\User.php 421
ERROR - 2018-05-08 05:50:08 --> Severity: Notice --> Undefined variable: 01-01-1970 C:\xampp\htdocs\test\application\controllers\User.php 421
ERROR - 2018-05-08 05:50:16 --> Severity: Notice --> Undefined variable: 01-01-1970 C:\xampp\htdocs\test\application\controllers\User.php 421
ERROR - 2018-05-08 05:50:25 --> Severity: Notice --> Undefined variable: 01-01-1970 C:\xampp\htdocs\test\application\controllers\User.php 421
ERROR - 2018-05-08 05:52:12 --> Severity: Notice --> Undefined index: ip C:\xampp\htdocs\test\application\controllers\User.php 475
ERROR - 2018-05-08 05:52:12 --> Query error: Unknown column 'SID' in 'field list' - Invalid query: UPDATE `user` SET `SID` = '', `last_time_login` = '2018-05-08 05:52:12'
WHERE `id` = '4'
